This is pdfTeX, Version 3.1415926-2.5-1.40.14 (MiKTeX 2.9) (preloaded format=pdflatex 2015.11.8)  25 JUL 2019 22:39
entering extended mode
**X:/Dropbox/–í–ú–®*5-6*2019-2020/—èdummy_files/30-conduit-n.tex
("X:/Dropbox/–í–ú–® 5-6 2019-2020/—èdummy_files/30-conduit-n.tex"
LaTeX2e <2011/06/27>
Babel <v3.8m> and hyphenation patterns for english, afrikaans, ancientgreek, ar
abic, armenian, assamese, basque, bengali, bokmal, bulgarian, catalan, coptic, 
croatian, czech, danish, dutch, esperanto, estonian, farsi, finnish, french, ga
lician, german, german-x-2013-05-26, greek, gujarati, hindi, hungarian, iceland
ic, indonesian, interlingua, irish, italian, kannada, kurmanji, latin, latvian,
 lithuanian, malayalam, marathi, mongolian, mongolianlmc, monogreek, ngerman, n
german-x-2013-05-26, nynorsk, oriya, panjabi, pinyin, polish, portuguese, roman
ian, russian, sanskrit, serbian, slovak, slovenian, spanish, swedish, swissgerm
an, tamil, telugu, turkish, turkmen, ukenglish, ukrainian, uppersorbian, usengl
ishmax, welsh, loaded.
(C:\Full_TeX\texmf\tex\latex\base\article.cls
Document Class: article 2007/10/19 v1.4h Standard LaTeX document class
(C:\Full_TeX\texmf\tex\latex\base\size12.clo
File: size12.clo 2007/10/19 v1.4h Standard LaTeX file (size option)
)
\c@part=\count79
\c@section=\count80
\c@subsection=\count81
\c@subsubsection=\count82
\c@paragraph=\count83
\c@subparagraph=\count84
\c@figure=\count85
\c@table=\count86
\abovecaptionskip=\skip41
\belowcaptionskip=\skip42
\bibindent=\dimen102
)
("X:\Dropbox\–í–ú–® 5-6 2019-2020\—èdummy_files\newlistok.sty"
Package: newlistok 2014/02/09 v6.03 Shashkov's list style package

|----------------------------------------------------------------------|
|New package for lists in math school. Version: 6.03; Date: 2015/02/09.|
|All questions to Sergey Shashkov, sh57@yandex.ru. Thank you! Be happy!|
|----------------------------------------------------------------------|
(C:\Full_TeX\texmf\tex\latex\amsfonts\amsfonts.sty
Package: amsfonts 2013/01/14 v3.01 Basic AMSFonts support
\@emptytoks=\toks14
\symAMSa=\mathgroup4
\symAMSb=\mathgroup5
LaTeX Font Info:    Overwriting math alphabet `\mathfrak' in version `bold'
(Font)                  U/euf/m/n --> U/euf/b/n on input line 106.
)
(C:\Full_TeX\texmf\tex\latex\amsfonts\amssymb.sty
Package: amssymb 2013/01/14 v3.01 AMS font symbols
)
(C:\Full_TeX\texmf\tex\latex\amsmath\amsmath.sty
Package: amsmath 2013/01/14 v2.14 AMS math features
\@mathmargin=\skip43

For additional information on amsmath, use the `?' option.
(C:\Full_TeX\texmf\tex\latex\amsmath\amstext.sty
Package: amstext 2000/06/29 v2.01

(C:\Full_TeX\texmf\tex\latex\amsmath\amsgen.sty
File: amsgen.sty 1999/11/30 v2.0
\@emptytoks=\toks15
\ex@=\dimen103
))
(C:\Full_TeX\texmf\tex\latex\amsmath\amsbsy.sty
Package: amsbsy 1999/11/29 v1.2d
\pmbraise@=\dimen104
)
(C:\Full_TeX\texmf\tex\latex\amsmath\amsopn.sty
Package: amsopn 1999/12/14 v2.01 operator names
)
\inf@bad=\count87
LaTeX Info: Redefining \frac on input line 210.
\uproot@=\count88
\leftroot@=\count89
LaTeX Info: Redefining \overline on input line 306.
\classnum@=\count90
\DOTSCASE@=\count91
LaTeX Info: Redefining \ldots on input line 378.
LaTeX Info: Redefining \dots on input line 381.
LaTeX Info: Redefining \cdots on input line 466.
\Mathstrutbox@=\box26
\strutbox@=\box27
\big@size=\dimen105
LaTeX Font Info:    Redeclaring font encoding OML on input line 566.
LaTeX Font Info:    Redeclaring font encoding OMS on input line 567.
\macc@depth=\count92
\c@MaxMatrixCols=\count93
\dotsspace@=\muskip10
\c@parentequation=\count94
\dspbrk@lvl=\count95
\tag@help=\toks16
\row@=\count96
\column@=\count97
\maxfields@=\count98
\andhelp@=\toks17
\eqnshift@=\dimen106
\alignsep@=\dimen107
\tagshift@=\dimen108
\tagwidth@=\dimen109
\totwidth@=\dimen110
\lineht@=\dimen111
\@envbody=\toks18
\multlinegap=\skip44
\multlinetaggap=\skip45
\mathdisplay@stack=\toks19
LaTeX Info: Redefining \[ on input line 2665.
LaTeX Info: Redefining \] on input line 2666.
)
(C:\Full_TeX\texmf\tex\latex\epsf\epsf.sty
This is `epsf.tex' v2.7.4 <14 February 2011>
\epsffilein=\read1
\epsfframemargin=\dimen112
\epsfframethickness=\dimen113
\epsfrsize=\dimen114
\epsftmp=\dimen115
\epsftsize=\dimen116
\epsfxsize=\dimen117
\epsfysize=\dimen118
\pspoints=\dimen119
) (C:\Full_TeX\texmf\tex\latex\graphics\graphicx.sty
Package: graphicx 1999/02/16 v1.0f Enhanced LaTeX Graphics (DPC,SPQR)

(C:\Full_TeX\texmf\tex\latex\graphics\keyval.sty
Package: keyval 1999/03/16 v1.13 key=value parser (DPC)
\KV@toks@=\toks20
)
(C:\Full_TeX\texmf\tex\latex\graphics\graphics.sty
Package: graphics 2009/02/05 v1.0o Standard LaTeX Graphics (DPC,SPQR)

(C:\Full_TeX\texmf\tex\latex\graphics\trig.sty
Package: trig 1999/03/16 v1.09 sin cos tan (DPC)
)
(C:\Full_TeX\texmf\tex\latex\00miktex\graphics.cfg
File: graphics.cfg 2007/01/18 v1.5 graphics configuration of teTeX/TeXLive
)
Package graphics Info: Driver file: pdftex.def on input line 91.

(C:\Full_TeX\texmf\tex\latex\pdftex-def\pdftex.def
File: pdftex.def 2011/05/27 v0.06d Graphics/color for pdfTeX

(C:\Full_TeX\texmf\tex\generic\oberdiek\infwarerr.sty
Package: infwarerr 2010/04/08 v1.3 Providing info/warning/error messages (HO)
)
(C:\Full_TeX\texmf\tex\generic\oberdiek\ltxcmds.sty
Package: ltxcmds 2011/11/09 v1.22 LaTeX kernel commands for general use (HO)
)
\Gread@gobject=\count99
))
\Gin@req@height=\dimen120
\Gin@req@width=\dimen121
)
(C:\Full_TeX\texmf\tex\latex\xcolor\xcolor.sty
Package: xcolor 2007/01/21 v2.11 LaTeX color extensions (UK)

(C:\Full_TeX\texmf\tex\latex\00miktex\color.cfg
File: color.cfg 2007/01/18 v1.5 color configuration of teTeX/TeXLive
)
Package xcolor Info: Driver file: pdftex.def on input line 225.
Package xcolor Info: Model `cmy' substituted by `cmy0' on input line 1337.
Package xcolor Info: Model `hsb' substituted by `rgb' on input line 1341.
Package xcolor Info: Model `RGB' extended on input line 1353.
Package xcolor Info: Model `HTML' substituted by `rgb' on input line 1355.
Package xcolor Info: Model `Hsb' substituted by `hsb' on input line 1356.
Package xcolor Info: Model `tHsb' substituted by `hsb' on input line 1357.
Package xcolor Info: Model `HSB' substituted by `hsb' on input line 1358.
Package xcolor Info: Model `Gray' substituted by `gray' on input line 1359.
Package xcolor Info: Model `wave' substituted by `hsb' on input line 1360.
)
(C:\Full_TeX\texmf\tex\latex\microtype\microtype.sty
Package: microtype 2013/05/23 v2.5a Micro-typographical refinements (RS)
\MT@toks=\toks21
\MT@count=\count100
LaTeX Info: Redefining \textls on input line 766.
\MT@outer@kern=\dimen122
LaTeX Info: Redefining \textmicrotypecontext on input line 1285.
\MT@listname@count=\count101

(C:\Full_TeX\texmf\tex\latex\microtype\microtype-pdftex.def
File: microtype-pdftex.def 2013/05/23 v2.5a Definitions specific to pdftex (RS)

LaTeX Info: Redefining \lsstyle on input line 915.
LaTeX Info: Redefining \lslig on input line 915.
\MT@outer@space=\skip46
)
Package microtype Info: Loading configuration file microtype.cfg.

(C:\Full_TeX\texmf\tex\latex\microtype\microtype.cfg
File: microtype.cfg 2013/05/23 v2.5a microtype main configuration file (RS)
))
(C:\Full_TeX\texmf\tex\latex\framed\framed.sty
Package: framed 2011/10/22 v 0.96: framed or shaded text with page breaks
\OuterFrameSep=\skip47
\fb@frw=\dimen123
\fb@frh=\dimen124
\FrameRule=\dimen125
\FrameSep=\dimen126
)
(C:\Full_TeX\texmf\tex\latex\base\inputenc.sty
Package: inputenc 2008/03/30 v1.1d Input encoding file
\inpenc@prehook=\toks22
\inpenc@posthook=\toks23

(C:\Full_TeX\texmf\tex\latex\cyrillic\cp1251.def
File: cp1251.def 1999/11/16 v1.0d Input encoding file
))
(C:\Full_TeX\texmf\tex\latex\base\ifthen.sty
Package: ifthen 2001/05/26 v1.1c Standard LaTeX ifthen package (DPC)
)
(C:\Full_TeX\texmf\tex\latex\marginnote\marginnote.sty
Package: marginnote 2012/03/29 v1.1i non floating margin notes for LaTeX
\c@mn@abspage=\count102
)
(C:\Full_TeX\texmf\tex\latex\base\textcomp.sty
Package: textcomp 2005/09/27 v1.99g Standard LaTeX package
Package textcomp Info: Sub-encoding information:
(textcomp)               5 = only ISO-Adobe without \textcurrency
(textcomp)               4 = 5 + \texteuro
(textcomp)               3 = 4 + \textohm
(textcomp)               2 = 3 + \textestimated + \textcurrency
(textcomp)               1 = TS1 - \textcircled - \t
(textcomp)               0 = TS1 (full)
(textcomp)             Font families with sub-encoding setting implement
(textcomp)             only a restricted character set as indicated.
(textcomp)             Family '?' is the default used for unknown fonts.
(textcomp)             See the documentation for details.
Package textcomp Info: Setting ? sub-encoding to TS1/1 on input line 71.

(C:\Full_TeX\texmf\tex\latex\base\ts1enc.def
File: ts1enc.def 2001/06/05 v3.0e (jk/car/fm) Standard LaTeX file
)
LaTeX Info: Redefining \oldstylenums on input line 266.
Package textcomp Info: Setting cmr sub-encoding to TS1/0 on input line 281.
Package textcomp Info: Setting cmss sub-encoding to TS1/0 on input line 282.
Package textcomp Info: Setting cmtt sub-encoding to TS1/0 on input line 283.
Package textcomp Info: Setting cmvtt sub-encoding to TS1/0 on input line 284.
Package textcomp Info: Setting cmbr sub-encoding to TS1/0 on input line 285.
Package textcomp Info: Setting cmtl sub-encoding to TS1/0 on input line 286.
Package textcomp Info: Setting ccr sub-encoding to TS1/0 on input line 287.
Package textcomp Info: Setting ptm sub-encoding to TS1/4 on input line 288.
Package textcomp Info: Setting pcr sub-encoding to TS1/4 on input line 289.
Package textcomp Info: Setting phv sub-encoding to TS1/4 on input line 290.
Package textcomp Info: Setting ppl sub-encoding to TS1/3 on input line 291.
Package textcomp Info: Setting pag sub-encoding to TS1/4 on input line 292.
Package textcomp Info: Setting pbk sub-encoding to TS1/4 on input line 293.
Package textcomp Info: Setting pnc sub-encoding to TS1/4 on input line 294.
Package textcomp Info: Setting pzc sub-encoding to TS1/4 on input line 295.
Package textcomp Info: Setting bch sub-encoding to TS1/4 on input line 296.
Package textcomp Info: Setting put sub-encoding to TS1/5 on input line 297.
Package textcomp Info: Setting uag sub-encoding to TS1/5 on input line 298.
Package textcomp Info: Setting ugq sub-encoding to TS1/5 on input line 299.
Package textcomp Info: Setting ul8 sub-encoding to TS1/4 on input line 300.
Package textcomp Info: Setting ul9 sub-encoding to TS1/4 on input line 301.
Package textcomp Info: Setting augie sub-encoding to TS1/5 on input line 302.
Package textcomp Info: Setting dayrom sub-encoding to TS1/3 on input line 303.
Package textcomp Info: Setting dayroms sub-encoding to TS1/3 on input line 304.

Package textcomp Info: Setting pxr sub-encoding to TS1/0 on input line 305.
Package textcomp Info: Setting pxss sub-encoding to TS1/0 on input line 306.
Package textcomp Info: Setting pxtt sub-encoding to TS1/0 on input line 307.
Package textcomp Info: Setting txr sub-encoding to TS1/0 on input line 308.
Package textcomp Info: Setting txss sub-encoding to TS1/0 on input line 309.
Package textcomp Info: Setting txtt sub-encoding to TS1/0 on input line 310.
Package textcomp Info: Setting lmr sub-encoding to TS1/0 on input line 311.
Package textcomp Info: Setting lmdh sub-encoding to TS1/0 on input line 312.
Package textcomp Info: Setting lmss sub-encoding to TS1/0 on input line 313.
Package textcomp Info: Setting lmssq sub-encoding to TS1/0 on input line 314.
Package textcomp Info: Setting lmvtt sub-encoding to TS1/0 on input line 315.
Package textcomp Info: Setting qhv sub-encoding to TS1/0 on input line 316.
Package textcomp Info: Setting qag sub-encoding to TS1/0 on input line 317.
Package textcomp Info: Setting qbk sub-encoding to TS1/0 on input line 318.
Package textcomp Info: Setting qcr sub-encoding to TS1/0 on input line 319.
Package textcomp Info: Setting qcs sub-encoding to TS1/0 on input line 320.
Package textcomp Info: Setting qpl sub-encoding to TS1/0 on input line 321.
Package textcomp Info: Setting qtm sub-encoding to TS1/0 on input line 322.
Package textcomp Info: Setting qzc sub-encoding to TS1/0 on input line 323.
Package textcomp Info: Setting qhvc sub-encoding to TS1/0 on input line 324.
Package textcomp Info: Setting futs sub-encoding to TS1/4 on input line 325.
Package textcomp Info: Setting futx sub-encoding to TS1/4 on input line 326.
Package textcomp Info: Setting futj sub-encoding to TS1/4 on input line 327.
Package textcomp Info: Setting hlh sub-encoding to TS1/3 on input line 328.
Package textcomp Info: Setting hls sub-encoding to TS1/3 on input line 329.
Package textcomp Info: Setting hlst sub-encoding to TS1/3 on input line 330.
Package textcomp Info: Setting hlct sub-encoding to TS1/5 on input line 331.
Package textcomp Info: Setting hlx sub-encoding to TS1/5 on input line 332.
Package textcomp Info: Setting hlce sub-encoding to TS1/5 on input line 333.
Package textcomp Info: Setting hlcn sub-encoding to TS1/5 on input line 334.
Package textcomp Info: Setting hlcw sub-encoding to TS1/5 on input line 335.
Package textcomp Info: Setting hlcf sub-encoding to TS1/5 on input line 336.
Package textcomp Info: Setting pplx sub-encoding to TS1/3 on input line 337.
Package textcomp Info: Setting pplj sub-encoding to TS1/3 on input line 338.
Package textcomp Info: Setting ptmx sub-encoding to TS1/4 on input line 339.
Package textcomp Info: Setting ptmj sub-encoding to TS1/4 on input line 340.
)
(C:\Full_TeX\texmf\tex\latex\fancybox\fancybox.sty
Package: fancybox 2010/05/15 1.4

Style option: `fancybox' v1.4 <2010/05/15> (tvz)
\@fancybox=\box28
\shadowsize=\dimen127
\@Sbox=\box29
\do@VerbBox=\toks24
\the@fancyput=\toks25
\this@fancyput=\toks26
\EndVerbatimTokens=\toks27
\Verbatim@Outfile=\write3
\Verbatim@Infile=\read2
) (C:\Full_TeX\texmf\tex\latex\pgf\frontendlayer\tikz.sty
(C:\Full_TeX\texmf\tex\latex\pgf\basiclayer\pgf.sty
(C:\Full_TeX\texmf\tex\latex\pgf\utilities\pgfrcs.sty
(C:\Full_TeX\texmf\tex\generic\pgf\utilities\pgfutil-common.tex
\pgfutil@everybye=\toks28
)
(C:\Full_TeX\texmf\tex\generic\pgf\utilities\pgfutil-latex.def
\pgfutil@abb=\box30

(C:\Full_TeX\texmf\tex\latex\ms\everyshi.sty
Package: everyshi 2001/05/15 v3.00 EveryShipout Package (MS)
))
(C:\Full_TeX\texmf\tex\generic\pgf\utilities\pgfrcs.code.tex
Package: pgfrcs 2010/10/25 v2.10 (rcs-revision 1.24)
))
Package: pgf 2008/01/15 v2.10 (rcs-revision 1.12)

(C:\Full_TeX\texmf\tex\latex\pgf\basiclayer\pgfcore.sty
(C:\Full_TeX\texmf\tex\latex\pgf\systemlayer\pgfsys.sty
(C:\Full_TeX\texmf\tex\generic\pgf\systemlayer\pgfsys.code.tex
Package: pgfsys 2010/06/30 v2.10 (rcs-revision 1.37)

(C:\Full_TeX\texmf\tex\generic\pgf\utilities\pgfkeys.code.tex
\pgfkeys@pathtoks=\toks29
\pgfkeys@temptoks=\toks30

(C:\Full_TeX\texmf\tex\generic\pgf\utilities\pgfkeysfiltered.code.tex
\pgfkeys@tmptoks=\toks31
))
\pgf@x=\dimen128
\pgf@y=\dimen129
\pgf@xa=\dimen130
\pgf@ya=\dimen131
\pgf@xb=\dimen132
\pgf@yb=\dimen133
\pgf@xc=\dimen134
\pgf@yc=\dimen135
\w@pgf@writea=\write4
\r@pgf@reada=\read3
\c@pgf@counta=\count103
\c@pgf@countb=\count104
\c@pgf@countc=\count105
\c@pgf@countd=\count106

(C:\Full_TeX\texmf\tex\generic\pgf\systemlayer\pgf.cfg
File: pgf.cfg 2008/05/14  (rcs-revision 1.7)
)
Package pgfsys Info: Driver file for pgf: pgfsys-pdftex.def on input line 900.

(C:\Full_TeX\texmf\tex\generic\pgf\systemlayer\pgfsys-pdftex.def
File: pgfsys-pdftex.def 2009/05/22  (rcs-revision 1.26)

(C:\Full_TeX\texmf\tex\generic\pgf\systemlayer\pgfsys-common-pdf.def
File: pgfsys-common-pdf.def 2008/05/19  (rcs-revision 1.10)
)))
(C:\Full_TeX\texmf\tex\generic\pgf\systemlayer\pgfsyssoftpath.code.tex
File: pgfsyssoftpath.code.tex 2008/07/18  (rcs-revision 1.7)
\pgfsyssoftpath@smallbuffer@items=\count107
\pgfsyssoftpath@bigbuffer@items=\count108
)
(C:\Full_TeX\texmf\tex\generic\pgf\systemlayer\pgfsysprotocol.code.tex
File: pgfsysprotocol.code.tex 2006/10/16  (rcs-revision 1.4)
))
(C:\Full_TeX\texmf\tex\generic\pgf\basiclayer\pgfcore.code.tex
Package: pgfcore 2010/04/11 v2.10 (rcs-revision 1.7)

(C:\Full_TeX\texmf\tex\generic\pgf\math\pgfmath.code.tex
(C:\Full_TeX\texmf\tex\generic\pgf\math\pgfmathcalc.code.tex
(C:\Full_TeX\texmf\tex\generic\pgf\math\pgfmathutil.code.tex)
(C:\Full_TeX\texmf\tex\generic\pgf\math\pgfmathparser.code.tex
\pgfmath@dimen=\dimen136
\pgfmath@count=\count109
\pgfmath@box=\box31
\pgfmath@toks=\toks32
\pgfmath@stack@operand=\toks33
\pgfmath@stack@operation=\toks34
)
(C:\Full_TeX\texmf\tex\generic\pgf\math\pgfmathfunctions.code.tex
(C:\Full_TeX\texmf\tex\generic\pgf\math\pgfmathfunctions.basic.code.tex)
(C:\Full_TeX\texmf\tex\generic\pgf\math\pgfmathfunctions.trigonometric.code.tex
) (C:\Full_TeX\texmf\tex\generic\pgf\math\pgfmathfunctions.random.code.tex)
(C:\Full_TeX\texmf\tex\generic\pgf\math\pgfmathfunctions.comparison.code.tex)
(C:\Full_TeX\texmf\tex\generic\pgf\math\pgfmathfunctions.base.code.tex)
(C:\Full_TeX\texmf\tex\generic\pgf\math\pgfmathfunctions.round.code.tex)
(C:\Full_TeX\texmf\tex\generic\pgf\math\pgfmathfunctions.misc.code.tex)))
(C:\Full_TeX\texmf\tex\generic\pgf\math\pgfmathfloat.code.tex
\c@pgfmathroundto@lastzeros=\count110
))
(C:\Full_TeX\texmf\tex\generic\pgf\basiclayer\pgfcorepoints.code.tex
File: pgfcorepoints.code.tex 2010/04/09  (rcs-revision 1.20)
\pgf@picminx=\dimen137
\pgf@picmaxx=\dimen138
\pgf@picminy=\dimen139
\pgf@picmaxy=\dimen140
\pgf@pathminx=\dimen141
\pgf@pathmaxx=\dimen142
\pgf@pathminy=\dimen143
\pgf@pathmaxy=\dimen144
\pgf@xx=\dimen145
\pgf@xy=\dimen146
\pgf@yx=\dimen147
\pgf@yy=\dimen148
\pgf@zx=\dimen149
\pgf@zy=\dimen150
)
(C:\Full_TeX\texmf\tex\generic\pgf\basiclayer\pgfcorepathconstruct.code.tex
File: pgfcorepathconstruct.code.tex 2010/08/03  (rcs-revision 1.24)
\pgf@path@lastx=\dimen151
\pgf@path@lasty=\dimen152
)
(C:\Full_TeX\texmf\tex\generic\pgf\basiclayer\pgfcorepathusage.code.tex
File: pgfcorepathusage.code.tex 2008/04/22  (rcs-revision 1.12)
\pgf@shorten@end@additional=\dimen153
\pgf@shorten@start@additional=\dimen154
)
(C:\Full_TeX\texmf\tex\generic\pgf\basiclayer\pgfcorescopes.code.tex
File: pgfcorescopes.code.tex 2010/09/08  (rcs-revision 1.34)
\pgfpic=\box32
\pgf@hbox=\box33
\pgf@layerbox@main=\box34
\pgf@picture@serial@count=\count111
)
(C:\Full_TeX\texmf\tex\generic\pgf\basiclayer\pgfcoregraphicstate.code.tex
File: pgfcoregraphicstate.code.tex 2008/04/22  (rcs-revision 1.9)
\pgflinewidth=\dimen155
)
(C:\Full_TeX\texmf\tex\generic\pgf\basiclayer\pgfcoretransformations.code.tex
File: pgfcoretransformations.code.tex 2009/06/10  (rcs-revision 1.11)
\pgf@pt@x=\dimen156
\pgf@pt@y=\dimen157
\pgf@pt@temp=\dimen158
)
(C:\Full_TeX\texmf\tex\generic\pgf\basiclayer\pgfcorequick.code.tex
File: pgfcorequick.code.tex 2008/10/09  (rcs-revision 1.3)
)
(C:\Full_TeX\texmf\tex\generic\pgf\basiclayer\pgfcoreobjects.code.tex
File: pgfcoreobjects.code.tex 2006/10/11  (rcs-revision 1.2)
)
(C:\Full_TeX\texmf\tex\generic\pgf\basiclayer\pgfcorepathprocessing.code.tex
File: pgfcorepathprocessing.code.tex 2008/10/09  (rcs-revision 1.8)
)
(C:\Full_TeX\texmf\tex\generic\pgf\basiclayer\pgfcorearrows.code.tex
File: pgfcorearrows.code.tex 2008/04/23  (rcs-revision 1.11)
)
(C:\Full_TeX\texmf\tex\generic\pgf\basiclayer\pgfcoreshade.code.tex
File: pgfcoreshade.code.tex 2008/11/23  (rcs-revision 1.13)
\pgf@max=\dimen159
\pgf@sys@shading@range@num=\count112
)
(C:\Full_TeX\texmf\tex\generic\pgf\basiclayer\pgfcoreimage.code.tex
File: pgfcoreimage.code.tex 2010/03/25  (rcs-revision 1.16)

(C:\Full_TeX\texmf\tex\generic\pgf\basiclayer\pgfcoreexternal.code.tex
File: pgfcoreexternal.code.tex 2010/09/01  (rcs-revision 1.17)
\pgfexternal@startupbox=\box35
))
(C:\Full_TeX\texmf\tex\generic\pgf\basiclayer\pgfcorelayers.code.tex
File: pgfcorelayers.code.tex 2010/08/27  (rcs-revision 1.2)
)
(C:\Full_TeX\texmf\tex\generic\pgf\basiclayer\pgfcoretransparency.code.tex
File: pgfcoretransparency.code.tex 2008/01/17  (rcs-revision 1.2)
)
(C:\Full_TeX\texmf\tex\generic\pgf\basiclayer\pgfcorepatterns.code.tex
File: pgfcorepatterns.code.tex 2009/07/02  (rcs-revision 1.3)
)))
(C:\Full_TeX\texmf\tex\generic\pgf\modules\pgfmoduleshapes.code.tex
File: pgfmoduleshapes.code.tex 2010/09/09  (rcs-revision 1.13)
\pgfnodeparttextbox=\box36
)
(C:\Full_TeX\texmf\tex\generic\pgf\modules\pgfmoduleplot.code.tex
File: pgfmoduleplot.code.tex 2010/10/22  (rcs-revision 1.8)
)
(C:\Full_TeX\texmf\tex\latex\pgf\compatibility\pgfcomp-version-0-65.sty
Package: pgfcomp-version-0-65 2007/07/03 v2.10 (rcs-revision 1.7)
\pgf@nodesepstart=\dimen160
\pgf@nodesepend=\dimen161
)
(C:\Full_TeX\texmf\tex\latex\pgf\compatibility\pgfcomp-version-1-18.sty
Package: pgfcomp-version-1-18 2007/07/23 v2.10 (rcs-revision 1.1)
))
(C:\Full_TeX\texmf\tex\latex\pgf\utilities\pgffor.sty
(C:\Full_TeX\texmf\tex\latex\pgf\utilities\pgfkeys.sty
(C:\Full_TeX\texmf\tex\generic\pgf\utilities\pgfkeys.code.tex))
(C:\Full_TeX\texmf\tex\generic\pgf\utilities\pgffor.code.tex
Package: pgffor 2010/03/23 v2.10 (rcs-revision 1.18)
\pgffor@iter=\dimen162
\pgffor@skip=\dimen163
\pgffor@stack=\toks35
\pgffor@toks=\toks36
))
(C:\Full_TeX\texmf\tex\generic\pgf\frontendlayer\tikz\tikz.code.tex
Package: tikz 2010/10/13 v2.10 (rcs-revision 1.76)

(C:\Full_TeX\texmf\tex\generic\pgf\libraries\pgflibraryplothandlers.code.tex
File: pgflibraryplothandlers.code.tex 2010/05/31 v2.10 (rcs-revision 1.15)
\pgf@plot@mark@count=\count113
\pgfplotmarksize=\dimen164
)
\tikz@lastx=\dimen165
\tikz@lasty=\dimen166
\tikz@lastxsaved=\dimen167
\tikz@lastysaved=\dimen168
\tikzleveldistance=\dimen169
\tikzsiblingdistance=\dimen170
\tikz@figbox=\box37
\tikz@tempbox=\box38
\tikztreelevel=\count114
\tikznumberofchildren=\count115
\tikznumberofcurrentchild=\count116
\tikz@fig@count=\count117

(C:\Full_TeX\texmf\tex\generic\pgf\modules\pgfmodulematrix.code.tex
File: pgfmodulematrix.code.tex 2010/08/24  (rcs-revision 1.4)
\pgfmatrixcurrentrow=\count118
\pgfmatrixcurrentcolumn=\count119
\pgf@matrix@numberofcolumns=\count120
)
\tikz@expandcount=\count121

(C:\Full_TeX\texmf\tex\generic\pgf\frontendlayer\tikz\libraries\tikzlibrarytopa
ths.code.tex
File: tikzlibrarytopaths.code.tex 2008/06/17 v2.10 (rcs-revision 1.2)
)))
(C:\Full_TeX\texmf\tex\generic\pgf\frontendlayer\tikz\libraries\tikzlibrarycalc
.code.tex
File: tikzlibrarycalc.code.tex 2009/09/04 v2.10 (rcs-revision 1.6)
)
(C:\Full_TeX\texmf\tex\generic\pgf\frontendlayer\tikz\libraries\tikzlibrarythro
ugh.code.tex
File: tikzlibrarythrough.code.tex 2008/02/03 v2.10 (rcs-revision 1.1)
)
(C:\Full_TeX\texmf\tex\generic\pgf\frontendlayer\tikz\libraries\tikzlibraryinte
rsections.code.tex
(C:\Full_TeX\texmf\tex\generic\pgf\libraries\pgflibraryintersections.code.tex
\pgf@intersect@solutions=\count122
))
(C:\Full_TeX\texmf\tex\generic\pgf\frontendlayer\tikz\libraries\tikzlibraryback
grounds.code.tex
File: tikzlibrarybackgrounds.code.tex 2010/02/08 v2.10 (rcs-revision 1.2)
\pgf@layerbox@background=\box39
\pgf@layerboxsaved@background=\box40
)
(C:\Full_TeX\texmf\tex\generic\pgf\frontendlayer\tikz\libraries\tikzlibraryarro
ws.code.tex
File: tikzlibraryarrows.code.tex 2008/01/09 v2.10 (rcs-revision 1.1)

(C:\Full_TeX\texmf\tex\generic\pgf\libraries\pgflibraryarrows.code.tex
File: pgflibraryarrows.code.tex 2008/10/27 v2.10 (rcs-revision 1.9)
\arrowsize=\dimen171
))
(C:\Full_TeX\texmf\tex\latex\cyrillic\t2aenc.def
File: t2aenc.def 2005/09/27 v1.0i Cyrillic encoding definition file
)
LaTeX Font Info:    Try loading font information for T2A+cmr on input line 113.


(C:\Full_TeX\texmf\tex\latex\cyrillic\t2acmr.fd
File: t2acmr.fd 2001/08/11 v1.0a Computer Modern Cyrillic font definitions
)
\@hoZ=\skip48
\@omZ=\skip49
\@emZ=\skip50
\@voZ=\skip51
\@tmZ=\skip52
\@hhZ=\skip53
\@hsZ=\skip54
\@twZ=\skip55
\@thZ=\skip56
\@inZ=\skip57
\@oldbls=\skip58
\@oldls=\skip59
\@oldlsl=\skip60
\symrsfs=\mathgroup6
\@tmp=\skip61
\@ttmp=\skip62
\@tttmp=\skip63
\c@problemnum=\count123
\c@itemnum=\count124
\c@definitionnum=\count125
\@graybox=\box41
\@lightgraybox=\box42
\@conduitblock=\box43
\@conduitsave=\box44
\c@@TotalItems=\count126
\c@@TotalProblems=\count127
\c@@studentnum=\count128
\@TableFiller=\toks37
\@TableColumns=\toks38
\@ProblemNumbers=\toks39
\@ItemNumbers=\toks40
\@LogbookTitle=\toks41
\@complexity=\toks42
\@filename=\toks43
\@cell=\toks44
\ÒÔËÒÓÍ=\toks45
\ÔÓÏÂÚÍ‡=\toks46
\¯ÚËıÍÓ‰=\toks47
\@xmlTableW=\toks48
\@cellHeight=\skip64
\@cellWidth=\skip65
\@LogbookHeight=\skip66
\@LogbookWidth=\skip67
\@LogbookBox=\box45
\@dprobl=\count129
\@dpunct=\count130
\@listname=\toks49
\@listsubname=\toks50
\@listnum=\toks51
\@listEpigraph=\toks52
\@listEpigraphh=\toks53
\@sobnum=\toks54
\@listdate=\toks55
\@star=\toks56
\@impstar=\toks57
\theFullListok=\toks58
\theFullTitle=\toks59
\theFullDate=\toks60
\@starspace=\skip68
\@SpaceBeforeItem=\skip69
\@SpaceAfterItem=\skip70
\@strutdepth=\skip71
\@strutheight=\skip72
\c@globalnum=\count131
\lecttitle=\toks61
\lectauthor=\toks62
\c@‡ÍÒËÓÏ‡num=\count132
\c@ÚÂÓÂÏ‡num=\count133
\c@ÎÂÏÏ‡num=\count134
\c@ÔÂ‰ÎÓÊÂÌËÂnum=\count135
\c@ÓÔÂ‰ÂÎÂÌËÂnum=\count136
\c@ÔËÏÂnum=\count137
\c@ÛÔ‡ÊÌÂÌËÂnum=\count138
\c@Á‡ÏÂ˜‡ÌËÂnum=\count139
\c@ÛÚ‚ÂÊ‰ÂÌËÂnum=\count140
\c@Ù‡ÍÚnum=\count141
\c@ÒÎÂ‰ÒÚ‚ËÂnum=\count142
\c@ÒÓ„Î‡¯ÂÌËÂnum=\count143
\c@figcount=\count144
\dmvnpicbox=\box46
\dmvnpicborder=\dimen172
\blok=\box47
\blokk=\box48
\copycount=\count145
LaTeX Info: Redefining \˜ on input line 2546.
\symrletters=\mathgroup7
LaTeX Font Info:    Overwriting symbol font `rletters' in version `bold'
(Font)                  T2A/cmr/m/it --> T2A/cmr/b/it on input line 2567.
LaTeX Font Info:    Overwriting math alphabet `\mathrm' in version `normal'
(Font)                  OT1/cmr/m/n --> T2A/cmr/m/n on input line 2641.
LaTeX Font Info:    Overwriting math alphabet `\mathrm' in version `bold'
(Font)                  OT1/cmr/bx/n --> T2A/cmr/b/n on input line 2642.
LaTeX Font Info:    Overwriting math alphabet `\mathit' in version `normal'
(Font)                  OT1/cmr/m/it --> T2A/cmr/m/it on input line 2643.
LaTeX Font Info:    Overwriting math alphabet `\mathit' in version `bold'
(Font)                  OT1/cmr/bx/it --> T2A/cmr/b/it on input line 2644.
LaTeX Font Info:    Overwriting math alphabet `\mathbf' in version `normal'
(Font)                  OT1/cmr/bx/n --> T2A/cmr/b/n on input line 2645.
LaTeX Font Info:    Overwriting math alphabet `\mathbf' in version `bold'
(Font)                  OT1/cmr/bx/n --> T2A/cmr/b/n on input line 2646.


 Correcting math definitions,
LaTeX Font Info:    Redeclaring symbol font `AMSa' on input line 2687.
LaTeX Font Info:    Overwriting symbol font `AMSa' in version `normal'
(Font)                  U/msa/m/n --> U/msa/m/n on input line 2687.
LaTeX Font Info:    Overwriting symbol font `AMSa' in version `bold'
(Font)                  U/msa/m/n --> U/msa/m/n on input line 2687.
LaTeX Font Info:    Redeclaring symbol font `AMSb' on input line 2687.
LaTeX Font Info:    Overwriting symbol font `AMSb' in version `normal'
(Font)                  U/msb/m/n --> U/msb/m/n on input line 2687.
LaTeX Font Info:    Overwriting symbol font `AMSb' in version `bold'
(Font)                  U/msb/m/n --> U/msb/m/n on input line 2687.
LaTeX Font Info:    Redeclaring math symbol \varkappa on input line 2688.
LaTeX Font Info:    Redeclaring math symbol \leqslant on input line 2689.
LaTeX Font Info:    Redeclaring math symbol \geqslant on input line 2690.
 heading names, counters, lists,
\c@rlistctr=\count146
 headings,
captions, theorems, running heads, appendix, \cleardoublepage, quotes,
... finished.) (C:\Full_TeX\texmf\tex\latex\l3packages\xfrac\xfrac.sty
(C:\Full_TeX\texmf\tex\latex\l3packages\l3keys2e\l3keys2e.sty
(C:\Full_TeX\texmf\tex\latex\l3kernel\expl3.sty
(C:\Full_TeX\texmf\tex\latex\l3kernel\l3names.sty
(C:\Full_TeX\texmf\tex\latex\l3kernel\l3bootstrap.sty
Package: l3bootstrap 2013/07/28 v4581 L3 Experimental bootstrap code
)
Package: l3names 2012/12/07 v4346 L3 Namespace for primitives
)
(C:\Full_TeX\texmf\tex\latex\misc\etex.sty
Package: etex 1998/03/26 v2.0 eTeX basic definition package (PEB)
\et@xins=\count147
)
Package: expl3 2013/10/08 v4594 L3 Experimental code bundle wrapper

(C:\Full_TeX\texmf\tex\latex\l3kernel\l3basics.sty
Package: l3basics 2013/07/28 v4581 L3 Basic definitions
)
(C:\Full_TeX\texmf\tex\latex\l3kernel\l3expan.sty
Package: l3expan 2013/08/17 v4584 L3 Argument expansion
)
(C:\Full_TeX\texmf\tex\latex\l3kernel\l3tl.sty
Package: l3tl 2013/09/16 v4592 L3 Token lists
)
(C:\Full_TeX\texmf\tex\latex\l3kernel\l3seq.sty
Package: l3seq 2013/07/28 v4581 L3 Sequences and stacks
)
(C:\Full_TeX\texmf\tex\latex\l3kernel\l3int.sty
Package: l3int 2013/08/02 v4583 L3 Integers
\c_max_int=\count148
\l_tmpa_int=\count149
\l_tmpb_int=\count150
\g_tmpa_int=\count151
\g_tmpb_int=\count152
)
(C:\Full_TeX\texmf\tex\latex\l3kernel\l3quark.sty
Package: l3quark 2013/07/21 v4564 L3 Quarks
)
(C:\Full_TeX\texmf\tex\latex\l3kernel\l3prg.sty
Package: l3prg 2013/08/25 v4587 L3 Control structures
\g__prg_map_int=\count153
)
(C:\Full_TeX\texmf\tex\latex\l3kernel\l3clist.sty
Package: l3clist 2013/07/28 v4581 L3 Comma separated lists
)
(C:\Full_TeX\texmf\tex\latex\l3kernel\l3token.sty
Package: l3token 2013/08/25 v4587 L3 Experimental token manipulation
)
(C:\Full_TeX\texmf\tex\latex\l3kernel\l3prop.sty
Package: l3prop 2013/07/28 v4581 L3 Property lists
)
(C:\Full_TeX\texmf\tex\latex\l3kernel\l3msg.sty
Package: l3msg 2013/07/28 v4581 L3 Messages
)
(C:\Full_TeX\texmf\tex\latex\l3kernel\l3file.sty
Package: l3file 2013/08/29 v4591 L3 File and I/O operations
\l_iow_line_count_int=\count154
\l__iow_target_count_int=\count155
\l__iow_current_line_int=\count156
\l__iow_current_word_int=\count157
\l__iow_current_indentation_int=\count158
)
(C:\Full_TeX\texmf\tex\latex\l3kernel\l3skip.sty
Package: l3skip 2013/07/28 v4581 L3 Dimensions and skips
\c_zero_dim=\dimen173
\c_max_dim=\dimen174
\l_tmpa_dim=\dimen175
\l_tmpb_dim=\dimen176
\g_tmpa_dim=\dimen177
\g_tmpb_dim=\dimen178
\c_zero_skip=\skip73
\c_max_skip=\skip74
\l_tmpa_skip=\skip75
\l_tmpb_skip=\skip76
\g_tmpa_skip=\skip77
\g_tmpb_skip=\skip78
\c_zero_muskip=\muskip11
\c_max_muskip=\muskip12
\l_tmpa_muskip=\muskip13
\l_tmpb_muskip=\muskip14
\g_tmpa_muskip=\muskip15
\g_tmpb_muskip=\muskip16
)
(C:\Full_TeX\texmf\tex\latex\l3kernel\l3keys.sty
Package: l3keys 2013/07/28 v4581 L3 Experimental key-value interfaces
\g__keyval_level_int=\count159
\l_keys_choice_int=\count160
)
(C:\Full_TeX\texmf\tex\latex\l3kernel\l3fp.sty
Package: l3fp 2013/07/09 v4521 L3 Floating points
\c__fp_leading_shift_int=\count161
\c__fp_middle_shift_int=\count162
\c__fp_trailing_shift_int=\count163
\c__fp_big_leading_shift_int=\count164
\c__fp_big_middle_shift_int=\count165
\c__fp_big_trailing_shift_int=\count166
\c__fp_Bigg_leading_shift_int=\count167
\c__fp_Bigg_middle_shift_int=\count168
\c__fp_Bigg_trailing_shift_int=\count169
)
(C:\Full_TeX\texmf\tex\latex\l3kernel\l3box.sty
Package: l3box 2013/07/28 v4581 L3 Experimental boxes
\c_empty_box=\box49
\l_tmpa_box=\box50
\l_tmpb_box=\box51
\g_tmpa_box=\box52
\g_tmpb_box=\box53
)
(C:\Full_TeX\texmf\tex\latex\l3kernel\l3coffins.sty
Package: l3coffins 2012/09/09 v4212 L3 Coffin code layer
\l__coffin_internal_box=\box54
\l__coffin_internal_dim=\dimen179
\l__coffin_offset_x_dim=\dimen180
\l__coffin_offset_y_dim=\dimen181
\l__coffin_x_dim=\dimen182
\l__coffin_y_dim=\dimen183
\l__coffin_x_prime_dim=\dimen184
\l__coffin_y_prime_dim=\dimen185
\c_empty_coffin=\box55
\l__coffin_aligned_coffin=\box56
\l__coffin_aligned_internal_coffin=\box57
\l_tmpa_coffin=\box58
\l_tmpb_coffin=\box59
\l__coffin_display_coffin=\box60
\l__coffin_display_coord_coffin=\box61
\l__coffin_display_pole_coffin=\box62
\l__coffin_display_offset_dim=\dimen186
\l__coffin_display_x_dim=\dimen187
\l__coffin_display_y_dim=\dimen188
)
(C:\Full_TeX\texmf\tex\latex\l3kernel\l3color.sty
Package: l3color 2012/08/29 v4156 L3 Experimental color support
)
(C:\Full_TeX\texmf\tex\latex\l3kernel\l3luatex.sty
Package: l3luatex 2013/07/28 v4581 L3 Experimental LuaTeX-specific functions
\g__cctab_allocate_int=\count170
\g__cctab_stack_int=\count171
)
(C:\Full_TeX\texmf\tex\latex\l3kernel\l3candidates.sty
Package: l3candidates 2013/07/24 v4576 L3 Experimental additions to l3kernel
\l__box_top_dim=\dimen189
\l__box_bottom_dim=\dimen190
\l__box_left_dim=\dimen191
\l__box_right_dim=\dimen192
\l__box_top_new_dim=\dimen193
\l__box_bottom_new_dim=\dimen194
\l__box_left_new_dim=\dimen195
\l__box_right_new_dim=\dimen196
\l__box_internal_box=\box63
\l__coffin_bounding_shift_dim=\dimen197
\l__coffin_left_corner_dim=\dimen198
\l__coffin_right_corner_dim=\dimen199
\l__coffin_bottom_corner_dim=\dimen200
\l__coffin_top_corner_dim=\dimen201
Normal \dimen register pool exhausted, switching to extended pool.
\l__coffin_scaled_total_height_dim=\dimen256
\l__coffin_scaled_width_dim=\dimen257
)
(C:\Full_TeX\texmf\tex\generic\oberdiek\ifpdf.sty
Package: ifpdf 2011/01/30 v2.3 Provides the ifpdf switch (HO)
Package ifpdf Info: pdfTeX in PDF mode is detected.
))
Package: l3keys2e 2013/10/08 v4595 LaTeX2e option processing using LaTeX3 keys
)
(C:\Full_TeX\texmf\tex\latex\l3packages\xparse\xparse.sty
Package: xparse 2013/10/08 v4594 L3 Experimental document command parser
\l__xparse_current_arg_int=\count172
\l__xparse_m_args_int=\count173
\l__xparse_mandatory_args_int=\count174
\l__xparse_processor_int=\count175
\l__xparse_v_nesting_int=\count176
)
(C:\Full_TeX\texmf\tex\latex\l3packages\xtemplate\xtemplate.sty
Package: xtemplate 2013/10/08 v4594 L3 Experimental prototype document function
s
\l__xtemplate_tmp_dim=\dimen258
\l__xtemplate_tmp_int=\count177
\l__xtemplate_tmp_muskip=\muskip17
\l__xtemplate_tmp_skip=\skip79
Variant \prop_get:NoNTF already defined; not changing it on line 106
Variant \prop_get:NoNT already defined; not changing it on line 107
Variant \prop_get:NoNF already defined; not changing it on line 108
)
Package: xfrac 2012/11/09 v4299 L3 Experimental split-level fractions
\l__xfrac_slash_box=\box64
\l__xfrac_tmp_box=\box65
\l__xfrac_denominator_bot_sep_dim=\dimen259
\l__xfrac_numerator_bot_sep_dim=\dimen260
\l__xfrac_numerator_top_sep_dim=\dimen261
\l__xfrac_slash_left_sep_dim=\dimen262
\l__xfrac_slash_right_sep_dim=\dimen263
\l__xfrac_slash_left_muskip=\muskip18
\l__xfrac_slash_right_muskip=\muskip19
.................................................
. xtemplate info: "declare-object-type"
. 
. Declaring object type 'xfrac' taking 3 argument(s) on line 96.
.................................................
.................................................
. LaTeX info: "xparse/define-command"
. 
. Defining document command \sfrac with arg. spec. 'omom' on line 436.
.................................................
)
("X:\Dropbox\–í–ú–® 5-6 2019-2020\—èdummy_files\30-conduit-n.aux")
LaTeX Font Info:    Checking defaults for OML/cmm/m/it on input line 11.
LaTeX Font Info:    ... okay on input line 11.
LaTeX Font Info:    Checking defaults for T1/cmr/m/n on input line 11.
LaTeX Font Info:    ... okay on input line 11.
LaTeX Font Info:    Checking defaults for OT1/cmr/m/n on input line 11.
LaTeX Font Info:    ... okay on input line 11.
LaTeX Font Info:    Checking defaults for OMS/cmsy/m/n on input line 11.
LaTeX Font Info:    ... okay on input line 11.
LaTeX Font Info:    Checking defaults for OMX/cmex/m/n on input line 11.
LaTeX Font Info:    ... okay on input line 11.
LaTeX Font Info:    Checking defaults for U/cmr/m/n on input line 11.
LaTeX Font Info:    ... okay on input line 11.
LaTeX Font Info:    Checking defaults for TS1/cmr/m/n on input line 11.
LaTeX Font Info:    Try loading font information for TS1+cmr on input line 11.

(C:\Full_TeX\texmf\tex\latex\base\ts1cmr.fd
File: ts1cmr.fd 1999/05/25 v2.5h Standard LaTeX font definitions
)
LaTeX Font Info:    ... okay on input line 11.
LaTeX Font Info:    Checking defaults for T2A/cmr/m/n on input line 11.
LaTeX Font Info:    ... okay on input line 11.

(C:\Full_TeX\texmf\tex\context\base\supp-pdf.mkii
[Loading MPS to PDF converter (version 2006.09.02).]
\scratchcounter=\count178
\scratchdimen=\dimen264
\scratchbox=\box66
\nofMPsegments=\count179
\nofMParguments=\count180
\everyMPshowfont=\toks63
\MPscratchCnt=\count181
\MPscratchDim=\dimen265
\MPnumerator=\count182
\makeMPintoPDFobject=\count183
\everyMPtoPDFconversion=\toks64
)
LaTeX Info: Redefining \microtypecontext on input line 11.
Package microtype Info: Generating PDF output.
Package microtype Info: Character protrusion enabled (level 2).
Package microtype Info: Using default protrusion set `alltext'.
Package microtype Info: Automatic font expansion enabled (level 2),
(microtype)             stretch: 20, shrink: 20, step: 1, non-selected.
Package microtype Info: Using default expansion set `basictext'.
Package microtype Info: No adjustment of tracking.
Package microtype Info: No adjustment of interword spacing.
Package microtype Info: No adjustment of character kerning.
 (C:\Full_TeX\texmf\tex\latex\microtype\mt-cmr.cfg
File: mt-cmr.cfg 2013/05/19 v2.2 microtype config. file: Computer Modern Roman 
(RS)
)
Package marginnote Info: \pdfoutput not 0 and \pdflastxpos available.
(marginnote)             Extended position detection mode activated.

ABD: EveryShipout initializing macros
LaTeX Font Info:    Try loading font information for T2A+cmss on input line 86.


(C:\Full_TeX\texmf\tex\latex\cyrillic\t2acmss.fd
File: t2acmss.fd 2001/08/11 v1.0a Computer Modern Cyrillic font definitions
)
Package microtype Info: Loading generic settings for font family
(microtype)             `cmss' (encoding: T2A).
(microtype)             For optimal results, create family-specific settings.
(microtype)             See the microtype manual for details.

Overfull \hbox (65.68533pt too wide) detected at line 86
\T2A/cmss/m/n/12 «‡ÌˇÚËÂ ù30
 []

LaTeX Font Info:    Try loading font information for U+msa on input line 86.
(C:\Full_TeX\texmf\tex\latex\amsfonts\umsa.fd
File: umsa.fd 2013/01/14 v3.01 AMS symbols A
)
(C:\Full_TeX\texmf\tex\latex\microtype\mt-msa.cfg
File: mt-msa.cfg 2006/02/04 v1.1 microtype config. file: AMS symbols (a) (RS)
)
LaTeX Font Info:    Try loading font information for U+msb on input line 86.

(C:\Full_TeX\texmf\tex\latex\amsfonts\umsb.fd
File: umsb.fd 2013/01/14 v3.01 AMS symbols B
)
(C:\Full_TeX\texmf\tex\latex\microtype\mt-msb.cfg
File: mt-msb.cfg 2005/06/01 v1.0 microtype config. file: AMS symbols (b) (RS)
)
LaTeX Font Info:    Try loading font information for U+rsfs on input line 86.

(C:\Full_TeX\texmf\tex\latex\jknappen\ursfs.fd
File: ursfs.fd 1998/03/24 rsfs font definition file (jk)
)
LaTeX Font Info:    Try loading font information for T2A+cmtt on input line 86.


(C:\Full_TeX\texmf\tex\latex\cyrillic\t2acmtt.fd
File: t2acmtt.fd 2001/08/11 v1.0a Computer Modern Cyrillic font definitions
)
Package microtype Info: Loading generic settings for font family
(microtype)             `cmtt' (encoding: T2A).
(microtype)             For optimal results, create family-specific settings.
(microtype)             See the microtype manual for details.

("X:\Dropbox\–í–ú–® 5-6 2019-2020\—èdummy_files\spisok-n-205.tex")

LaTeX Font Warning: Font shape `T2A/cmr/m/n' in size <13> not available
(Font)              size <12> substituted on input line 87.


LaTeX Font Warning: Font shape `T2A/cmr/b/n' in size <13> not available
(Font)              size <12> substituted on input line 87.


LaTeX Font Warning: Font shape `T2A/cmr/b/n' in size <15> not available
(Font)              size <14.4> substituted on input line 87.


LaTeX Font Warning: Font shape `T2A/cmss/m/n' in size <13> not available
(Font)              size <12> substituted on input line 87.


Overfull \hbox (65.68533pt too wide) detected at line 87
\T2A/cmss/m/n/12 «‡ÌˇÚËÂ ù30
 []


LaTeX Font Warning: Font shape `T2A/cmr/m/n' in size <15> not available
(Font)              size <14.4> substituted on input line 87.


LaTeX Font Warning: Font shape `T2A/cmss/m/n' in size <15> not available
(Font)              size <14.4> substituted on input line 87.

LaTeX Font Info:    Calculating math sizes for size <13> on input line 87.

LaTeX Font Warning: Font shape `OT1/cmr/m/n' in size <13> not available
(Font)              size <12> substituted on input line 87.


LaTeX Font Warning: Font shape `OT1/cmr/m/n' in size <6.5> not available
(Font)              size <6> substituted on input line 87.


LaTeX Font Warning: Font shape `OML/cmm/m/it' in size <13> not available
(Font)              size <12> substituted on input line 87.


LaTeX Font Warning: Font shape `OML/cmm/m/it' in size <6.5> not available
(Font)              size <6> substituted on input line 87.


LaTeX Font Warning: Font shape `OMS/cmsy/m/n' in size <13> not available
(Font)              size <12> substituted on input line 87.


LaTeX Font Warning: Font shape `OMS/cmsy/m/n' in size <6.5> not available
(Font)              size <6> substituted on input line 87.


LaTeX Font Warning: Font shape `U/rsfs/m/n' in size <13> not available
(Font)              size <12> substituted on input line 87.


LaTeX Font Warning: Font shape `U/rsfs/m/n' in size <6.5> not available
(Font)              size <6> substituted on input line 87.


LaTeX Font Warning: Font shape `T2A/cmr/m/it' in size <13> not available
(Font)              size <12> substituted on input line 87.


LaTeX Font Warning: Font shape `T2A/cmr/m/it' in size <6.5> not available
(Font)              size <6> substituted on input line 87.

LaTeX Font Info:    Calculating math sizes for size <11> on input line 87.

LaTeX Font Warning: Font shape `OT1/cmr/m/n' in size <5.5> not available
(Font)              size <5> substituted on input line 87.


LaTeX Font Warning: Font shape `OML/cmm/m/it' in size <5.5> not available
(Font)              size <5> substituted on input line 87.


LaTeX Font Warning: Font shape `OMS/cmsy/m/n' in size <5.5> not available
(Font)              size <5> substituted on input line 87.


LaTeX Font Warning: Font shape `U/rsfs/m/n' in size <5.5> not available
(Font)              size <5> substituted on input line 87.


LaTeX Font Warning: Font shape `T2A/cmr/m/it' in size <5.5> not available
(Font)              size <5> substituted on input line 87.

<barcodes/barcode_205.png, id=4, 547.04375pt x 18.0675pt>
File: barcodes/barcode_205.png Graphic file (type png)

<use barcodes/barcode_205.png>
Package pdftex.def Info: barcodes/barcode_205.png used on input line 87.
(pdftex.def)             Requested size: 861.53168pt x 28.45274pt.
 [1

{C:/Full_TeX/texmf/pdftex/config/pdftex.map}]
Overfull \hbox (89.27399pt too wide) in paragraph at lines 87--87
[][] 
 []


Overfull \vbox (99.2751pt too high) has occurred while \output is active []


[2 <X:/Dropbox/–í–ú–® 5-6 2019-2020/—èdummy_files/barcodes/barcode_205.png (PNG
 copy)>] ("X:\Dropbox\–í–ú–® 5-6 2019-2020\—èdummy_files\spisok-n-206.tex")
Overfull \hbox (65.68533pt too wide) detected at line 88
\T2A/cmss/m/n/12 «‡ÌˇÚËÂ ù30
 []

<barcodes/i128.png, id=19, 2219.29124pt x 120.45pt>
File: barcodes/i128.png Graphic file (type png)
 <use barcodes/i128.png>
Package pdftex.def Info: barcodes/i128.png used on input line 88.
(pdftex.def)             Requested size: 524.24261pt x 28.45274pt.

Overfull \hbox (89.27399pt too wide) in paragraph at lines 88--88
[][] 
 []

[3 <X:/Dropbox/–í–ú–® 5-6 2019-2020/—èdummy_files/barcodes/i128.png (PNG copy)>
] ("X:\Dropbox\–í–ú–® 5-6 2019-2020\—èdummy_files\30-conduit-n.aux")

LaTeX Font Warning: Size substitutions with differences
(Font)              up to 1.0pt have occurred.

 ) 
Here is how much of TeX's memory you used:
 20852 strings out of 493921
 372200 string characters out of 3151364
 565045 words of memory out of 3000000
 23673 multiletter control sequences out of 15000+200000
 34769 words of font info for 114 fonts, out of 3000000 for 9000
 841 hyphenation exceptions out of 8191
 63i,15n,57p,550b,339s stack positions out of 5000i,500n,10000p,200000b,50000s
{C:/Full_TeX/texmf/fonts/enc/dvips/cm-super/cm-super-t2a.enc}<C:/Full_TeX/tex
mf/fonts/type1/public/amsfonts/latxfont/lcirclew.pfb><C:/Full_TeX/texmf/fonts/t
ype1/public/cm-super/sfrb1440.pfb><C:/Full_TeX/texmf/fonts/type1/public/cm-supe
r/sfrb2488.pfb><C:/Full_TeX/texmf/fonts/type1/public/cm-super/sfrm1095.pfb><C:/
Full_TeX/texmf/fonts/type1/public/cm-super/sfrm1200.pfb><C:/Full_TeX/texmf/font
s/type1/public/cm-super/sfss1200.pfb><C:/Full_TeX/texmf/fonts/type1/public/cm-s
uper/sfss1440.pfb>
Output written on 30-conduit-n.pdf (3 pages, 129278 bytes).
PDF statistics:
 53 PDF objects out of 1000 (max. 8388607)
 0 named destinations out of 1000 (max. 500000)
 25111 words of extra memory for PDF output out of 29859 (max. 10000000)

